<?xml version="1.0" encoding="UTF-8"?>
<!-- Generated by org.testng.reporters.JUnitReportReporter -->
<testsuite hostname="Sanjana" failures="0" tests="1" name="mobiles.OnePlusTest" time="5.595" errors="0" timestamp="2026-05-01T09:48:12 IST" skipped="0">
  <testcase classname="mobiles.OnePlusTest" name="launch" time="5.595">
    <system-out>
      <![CDATA[oneplus is launched]]>
    </system-out>
  </testcase> <!-- launch -->
  <system-out>
    <![CDATA[oneplus is launched]]>
  </system-out>
</testsuite> <!-- mobiles.OnePlusTest -->
