<?xml version="1.0" encoding="UTF-8"?>
<!-- Generated by org.testng.reporters.JUnitReportReporter -->
<testsuite hostname="Sanjana" failures="0" tests="1" name="mobiles.Iphone17proTest" time="10.881" errors="0" timestamp="2026-05-01T09:34:58 IST" skipped="0">
  <testcase classname="mobiles.Iphone17proTest" name="launch" time="10.881">
    <system-out>
      <![CDATA[iphone17pro is launched]]>
    </system-out>
  </testcase> <!-- launch -->
  <system-out>
    <![CDATA[iphone17pro is launched]]>
  </system-out>
</testsuite> <!-- mobiles.Iphone17proTest -->
