<?xml version="1.0" encoding="UTF-8"?>
<!-- Generated by org.testng.reporters.JUnitReportReporter -->
<testsuite hostname="Sanjana" failures="0" tests="1" name="mobiles.GooglePixle" time="10.238" errors="0" timestamp="2026-05-01T09:36:38 IST" skipped="0">
  <testcase classname="mobiles.GooglePixle" name="product" time="10.238">
    <system-out>
      <![CDATA[googlepixle is product]]>
    </system-out>
  </testcase> <!-- product -->
  <system-out>
    <![CDATA[googlepixle is product]]>
  </system-out>
</testsuite> <!-- mobiles.GooglePixle -->
